Using 4 workers out of 40 possible
{'batch_size': 12, 'num_gpus': 4, 'num_workers': 4}
loading annotations into memory...
Done (t=0.88s)
creating index...
index created!
414113 of captions in total.
loading annotations into memory...
Done (t=0.33s)
creating index...
index created!
202654 of captions in total.
After expanding, train has 574645 items, val has 42122 items
No detector found.

 112.1M total parameters. 112.1M training 
 ----- 
                                                                            shape      size  requires_grad
name                                                                                                     
module.bert.bert.embeddings.word_embeddings.weight                   [30522,768]  23440896           True
module.bert.bert.encoder.layer.0.intermediate.dense.weight            [3072,768]   2359296           True
module.bert.bert.encoder.layer.0.output.dense.weight                  [768,3072]   2359296           True
module.bert.bert.encoder.layer.1.intermediate.dense.weight            [3072,768]   2359296           True
module.bert.bert.encoder.layer.1.output.dense.weight                  [768,3072]   2359296           True
module.bert.bert.encoder.layer.2.intermediate.dense.weight            [3072,768]   2359296           True
module.bert.bert.encoder.layer.2.output.dense.weight                  [768,3072]   2359296           True
module.bert.bert.encoder.layer.3.intermediate.dense.weight            [3072,768]   2359296           True
module.bert.bert.encoder.layer.3.output.dense.weight                  [768,3072]   2359296           True
module.bert.bert.encoder.layer.4.intermediate.dense.weight            [3072,768]   2359296           True
module.bert.bert.encoder.layer.4.output.dense.weight                  [768,3072]   2359296           True
module.bert.bert.encoder.layer.5.intermediate.dense.weight            [3072,768]   2359296           True
module.bert.bert.encoder.layer.5.output.dense.weight                  [768,3072]   2359296           True
module.bert.bert.encoder.layer.6.intermediate.dense.weight            [3072,768]   2359296           True
module.bert.bert.encoder.layer.6.output.dense.weight                  [768,3072]   2359296           True
module.bert.bert.encoder.layer.7.intermediate.dense.weight            [3072,768]   2359296           True
module.bert.bert.encoder.layer.7.output.dense.weight                  [768,3072]   2359296           True
module.bert.bert.encoder.layer.8.intermediate.dense.weight            [3072,768]   2359296           True
module.bert.bert.encoder.layer.8.output.dense.weight                  [768,3072]   2359296           True
module.bert.bert.encoder.layer.9.intermediate.dense.weight            [3072,768]   2359296           True
module.bert.bert.encoder.layer.9.output.dense.weight                  [768,3072]   2359296           True
module.bert.bert.encoder.layer.10.intermediate.dense.weight           [3072,768]   2359296           True
module.bert.bert.encoder.layer.10.output.dense.weight                 [768,3072]   2359296           True
module.bert.bert.encoder.layer.11.intermediate.dense.weight           [3072,768]   2359296           True
module.bert.bert.encoder.layer.11.output.dense.weight                 [768,3072]   2359296           True
module.bert.bert.embeddings.projection.weight                         [768,2048]   1572864           True
module.bert.bert.encoder.layer.0.attention.self.query.weight           [768,768]    589824           True
module.bert.bert.encoder.layer.0.attention.self.key.weight             [768,768]    589824           True
module.bert.bert.encoder.layer.0.attention.self.value.weight           [768,768]    589824           True
module.bert.bert.encoder.layer.0.attention.output.dense.weight         [768,768]    589824           True
module.bert.bert.encoder.layer.1.attention.self.query.weight           [768,768]    589824           True
module.bert.bert.encoder.layer.1.attention.self.key.weight             [768,768]    589824           True
module.bert.bert.encoder.layer.1.attention.self.value.weight           [768,768]    589824           True
module.bert.bert.encoder.layer.1.attention.output.dense.weight         [768,768]    589824           True
module.bert.bert.encoder.layer.2.attention.self.query.weight           [768,768]    589824           True
module.bert.bert.encoder.layer.2.attention.self.key.weight             [768,768]    589824           True
module.bert.bert.encoder.layer.2.attention.self.value.weight           [768,768]    589824           True
module.bert.bert.encoder.layer.2.attention.output.dense.weight         [768,768]    589824           True
module.bert.bert.encoder.layer.3.attention.self.query.weight           [768,768]    589824           True
module.bert.bert.encoder.layer.3.attention.self.key.weight             [768,768]    589824           True
module.bert.bert.encoder.layer.3.attention.self.value.weight           [768,768]    589824           True
module.bert.bert.encoder.layer.3.attention.output.dense.weight         [768,768]    589824           True
module.bert.bert.encoder.layer.4.attention.self.query.weight           [768,768]    589824           True
module.bert.bert.encoder.layer.4.attention.self.key.weight             [768,768]    589824           True
module.bert.bert.encoder.layer.4.attention.self.value.weight           [768,768]    589824           True
module.bert.bert.encoder.layer.4.attention.output.dense.weight         [768,768]    589824           True
module.bert.bert.encoder.layer.5.attention.self.query.weight           [768,768]    589824           True
module.bert.bert.encoder.layer.5.attention.self.key.weight             [768,768]    589824           True
module.bert.bert.encoder.layer.5.attention.self.value.weight           [768,768]    589824           True
module.bert.bert.encoder.layer.5.attention.output.dense.weight         [768,768]    589824           True
module.bert.bert.encoder.layer.6.attention.self.query.weight           [768,768]    589824           True
module.bert.bert.encoder.layer.6.attention.self.key.weight             [768,768]    589824           True
module.bert.bert.encoder.layer.6.attention.self.value.weight           [768,768]    589824           True
module.bert.bert.encoder.layer.6.attention.output.dense.weight         [768,768]    589824           True
module.bert.bert.encoder.layer.7.attention.self.query.weight           [768,768]    589824           True
module.bert.bert.encoder.layer.7.attention.self.key.weight             [768,768]    589824           True
module.bert.bert.encoder.layer.7.attention.self.value.weight           [768,768]    589824           True
module.bert.bert.encoder.layer.7.attention.output.dense.weight         [768,768]    589824           True
module.bert.bert.encoder.layer.8.attention.self.query.weight           [768,768]    589824           True
module.bert.bert.encoder.layer.8.attention.self.key.weight             [768,768]    589824           True
module.bert.bert.encoder.layer.8.attention.self.value.weight           [768,768]    589824           True
module.bert.bert.encoder.layer.8.attention.output.dense.weight         [768,768]    589824           True
module.bert.bert.encoder.layer.9.attention.self.query.weight           [768,768]    589824           True
module.bert.bert.encoder.layer.9.attention.self.key.weight             [768,768]    589824           True
module.bert.bert.encoder.layer.9.attention.self.value.weight           [768,768]    589824           True
module.bert.bert.encoder.layer.9.attention.output.dense.weight         [768,768]    589824           True
module.bert.bert.encoder.layer.10.attention.self.query.weight          [768,768]    589824           True
module.bert.bert.encoder.layer.10.attention.self.key.weight            [768,768]    589824           True
module.bert.bert.encoder.layer.10.attention.self.value.weight          [768,768]    589824           True
module.bert.bert.encoder.layer.10.attention.output.dense.weight        [768,768]    589824           True
module.bert.bert.encoder.layer.11.attention.self.query.weight          [768,768]    589824           True
module.bert.bert.encoder.layer.11.attention.self.key.weight            [768,768]    589824           True
module.bert.bert.encoder.layer.11.attention.self.value.weight          [768,768]    589824           True
module.bert.bert.encoder.layer.11.attention.output.dense.weight        [768,768]    589824           True
module.bert.bert.pooler.dense.weight                                   [768,768]    589824           True
module.bert.cls.predictions.transform.dense.weight                     [768,768]    589824           True
module.bert.bert.embeddings.position_embeddings.weight                 [512,768]    393216           True
module.bert.bert.embeddings.position_embeddings_visual.weight          [512,768]    393216           True
module.bert.cls.predictions.bias                                         [30522]     30522           True
module.bert.bert.encoder.layer.0.intermediate.dense.bias                  [3072]      3072           True
module.bert.bert.encoder.layer.1.intermediate.dense.bias                  [3072]      3072           True
module.bert.bert.encoder.layer.2.intermediate.dense.bias                  [3072]      3072           True
module.bert.bert.encoder.layer.3.intermediate.dense.bias                  [3072]      3072           True
module.bert.bert.encoder.layer.4.intermediate.dense.bias                  [3072]      3072           True
module.bert.bert.encoder.layer.5.intermediate.dense.bias                  [3072]      3072           True
module.bert.bert.encoder.layer.6.intermediate.dense.bias                  [3072]      3072           True
module.bert.bert.encoder.layer.7.intermediate.dense.bias                  [3072]      3072           True
module.bert.bert.encoder.layer.8.intermediate.dense.bias                  [3072]      3072           True
module.bert.bert.encoder.layer.9.intermediate.dense.bias                  [3072]      3072           True
module.bert.bert.encoder.layer.10.intermediate.dense.bias                 [3072]      3072           True
module.bert.bert.encoder.layer.11.intermediate.dense.bias                 [3072]      3072           True
module.bert.bert.embeddings.token_type_embeddings.weight                 [2,768]      1536           True
module.bert.bert.embeddings.token_type_embeddings_visual.weight          [2,768]      1536           True
module.bert.cls.seq_relationship.weight                                  [2,768]      1536           True
module.bert.bert.embeddings.LayerNorm.weight                               [768]       768           True
module.bert.bert.embeddings.LayerNorm.bias                                 [768]       768           True
module.bert.bert.embeddings.projection.bias                                [768]       768           True
module.bert.bert.encoder.layer.0.attention.self.query.bias                 [768]       768           True
module.bert.bert.encoder.layer.0.attention.self.key.bias                   [768]       768           True
module.bert.bert.encoder.layer.0.attention.self.value.bias                 [768]       768           True
module.bert.bert.encoder.layer.0.attention.output.dense.bias               [768]       768           True
module.bert.bert.encoder.layer.0.attention.output.LayerNorm.weight         [768]       768           True
module.bert.bert.encoder.layer.0.attention.output.LayerNorm.bias           [768]       768           True
module.bert.bert.encoder.layer.0.output.dense.bias                         [768]       768           True
module.bert.bert.encoder.layer.0.output.LayerNorm.weight                   [768]       768           True
module.bert.bert.encoder.layer.0.output.LayerNorm.bias                     [768]       768           True
module.bert.bert.encoder.layer.1.attention.self.query.bias                 [768]       768           True
module.bert.bert.encoder.layer.1.attention.self.key.bias                   [768]       768           True
module.bert.bert.encoder.layer.1.attention.self.value.bias                 [768]       768           True
module.bert.bert.encoder.layer.1.attention.output.dense.bias               [768]       768           True
module.bert.bert.encoder.layer.1.attention.output.LayerNorm.weight         [768]       768           True
module.bert.bert.encoder.layer.1.attention.output.LayerNorm.bias           [768]       768           True
module.bert.bert.encoder.layer.1.output.dense.bias                         [768]       768           True
module.bert.bert.encoder.layer.1.output.LayerNorm.weight                   [768]       768           True
module.bert.bert.encoder.layer.1.output.LayerNorm.bias                     [768]       768           True
module.bert.bert.encoder.layer.2.attention.self.query.bias                 [768]       768           True
module.bert.bert.encoder.layer.2.attention.self.key.bias                   [768]       768           True
module.bert.bert.encoder.layer.2.attention.self.value.bias                 [768]       768           True
module.bert.bert.encoder.layer.2.attention.output.dense.bias               [768]       768           True
module.bert.bert.encoder.layer.2.attention.output.LayerNorm.weight         [768]       768           True
module.bert.bert.encoder.layer.2.attention.output.LayerNorm.bias           [768]       768           True
module.bert.bert.encoder.layer.2.output.dense.bias                         [768]       768           True
module.bert.bert.encoder.layer.2.output.LayerNorm.weight                   [768]       768           True
module.bert.bert.encoder.layer.2.output.LayerNorm.bias                     [768]       768           True
module.bert.bert.encoder.layer.3.attention.self.query.bias                 [768]       768           True
module.bert.bert.encoder.layer.3.attention.self.key.bias                   [768]       768           True
module.bert.bert.encoder.layer.3.attention.self.value.bias                 [768]       768           True
module.bert.bert.encoder.layer.3.attention.output.dense.bias               [768]       768           True
module.bert.bert.encoder.layer.3.attention.output.LayerNorm.weight         [768]       768           True
module.bert.bert.encoder.layer.3.attention.output.LayerNorm.bias           [768]       768           True
module.bert.bert.encoder.layer.3.output.dense.bias                         [768]       768           True
module.bert.bert.encoder.layer.3.output.LayerNorm.weight                   [768]       768           True
module.bert.bert.encoder.layer.3.output.LayerNorm.bias                     [768]       768           True
module.bert.bert.encoder.layer.4.attention.self.query.bias                 [768]       768           True
module.bert.bert.encoder.layer.4.attention.self.key.bias                   [768]       768           True
module.bert.bert.encoder.layer.4.attention.self.value.bias                 [768]       768           True
module.bert.bert.encoder.layer.4.attention.output.dense.bias               [768]       768           True
module.bert.bert.encoder.layer.4.attention.output.LayerNorm.weight         [768]       768           True
module.bert.bert.encoder.layer.4.attention.output.LayerNorm.bias           [768]       768           True
module.bert.bert.encoder.layer.4.output.dense.bias                         [768]       768           True
module.bert.bert.encoder.layer.4.output.LayerNorm.weight                   [768]       768           True
module.bert.bert.encoder.layer.4.output.LayerNorm.bias                     [768]       768           True
module.bert.bert.encoder.layer.5.attention.self.query.bias                 [768]       768           True
module.bert.bert.encoder.layer.5.attention.self.key.bias                   [768]       768           True
module.bert.bert.encoder.layer.5.attention.self.value.bias                 [768]       768           True
module.bert.bert.encoder.layer.5.attention.output.dense.bias               [768]       768           True
module.bert.bert.encoder.layer.5.attention.output.LayerNorm.weight         [768]       768           True
module.bert.bert.encoder.layer.5.attention.output.LayerNorm.bias           [768]       768           True
module.bert.bert.encoder.layer.5.output.dense.bias                         [768]       768           True
module.bert.bert.encoder.layer.5.output.LayerNorm.weight                   [768]       768           True
module.bert.bert.encoder.layer.5.output.LayerNorm.bias                     [768]       768           True
module.bert.bert.encoder.layer.6.attention.self.query.bias                 [768]       768           True
module.bert.bert.encoder.layer.6.attention.self.key.bias                   [768]       768           True
module.bert.bert.encoder.layer.6.attention.self.value.bias                 [768]       768           True
module.bert.bert.encoder.layer.6.attention.output.dense.bias               [768]       768           True
module.bert.bert.encoder.layer.6.attention.output.LayerNorm.weight         [768]       768           True
module.bert.bert.encoder.layer.6.attention.output.LayerNorm.bias           [768]       768           True
module.bert.bert.encoder.layer.6.output.dense.bias                         [768]       768           True
module.bert.bert.encoder.layer.6.output.LayerNorm.weight                   [768]       768           True
module.bert.bert.encoder.layer.6.output.LayerNorm.bias                     [768]       768           True
module.bert.bert.encoder.layer.7.attention.self.query.bias                 [768]       768           True
module.bert.bert.encoder.layer.7.attention.self.key.bias                   [768]       768           True
module.bert.bert.encoder.layer.7.attention.self.value.bias                 [768]       768           True
module.bert.bert.encoder.layer.7.attention.output.dense.bias               [768]       768           True
module.bert.bert.encoder.layer.7.attention.output.LayerNorm.weight         [768]       768           True
module.bert.bert.encoder.layer.7.attention.output.LayerNorm.bias           [768]       768           True
module.bert.bert.encoder.layer.7.output.dense.bias                         [768]       768           True
module.bert.bert.encoder.layer.7.output.LayerNorm.weight                   [768]       768           True
module.bert.bert.encoder.layer.7.output.LayerNorm.bias                     [768]       768           True
module.bert.bert.encoder.layer.8.attention.self.query.bias                 [768]       768           True
module.bert.bert.encoder.layer.8.attention.self.key.bias                   [768]       768           True
module.bert.bert.encoder.layer.8.attention.self.value.bias                 [768]       768           True
module.bert.bert.encoder.layer.8.attention.output.dense.bias               [768]       768           True
module.bert.bert.encoder.layer.8.attention.output.LayerNorm.weight         [768]       768           True
module.bert.bert.encoder.layer.8.attention.output.LayerNorm.bias           [768]       768           True
module.bert.bert.encoder.layer.8.output.dense.bias                         [768]       768           True
module.bert.bert.encoder.layer.8.output.LayerNorm.weight                   [768]       768           True
module.bert.bert.encoder.layer.8.output.LayerNorm.bias                     [768]       768           True
module.bert.bert.encoder.layer.9.attention.self.query.bias                 [768]       768           True
module.bert.bert.encoder.layer.9.attention.self.key.bias                   [768]       768           True
module.bert.bert.encoder.layer.9.attention.self.value.bias                 [768]       768           True
module.bert.bert.encoder.layer.9.attention.output.dense.bias               [768]       768           True
module.bert.bert.encoder.layer.9.attention.output.LayerNorm.weight         [768]       768           True
module.bert.bert.encoder.layer.9.attention.output.LayerNorm.bias           [768]       768           True
module.bert.bert.encoder.layer.9.output.dense.bias                         [768]       768           True
module.bert.bert.encoder.layer.9.output.LayerNorm.weight                   [768]       768           True
module.bert.bert.encoder.layer.9.output.LayerNorm.bias                     [768]       768           True
module.bert.bert.encoder.layer.10.attention.self.query.bias                [768]       768           True
module.bert.bert.encoder.layer.10.attention.self.key.bias                  [768]       768           True
module.bert.bert.encoder.layer.10.attention.self.value.bias                [768]       768           True
module.bert.bert.encoder.layer.10.attention.output.dense.bias              [768]       768           True
module.bert.bert.encoder.layer.10.attention.output.LayerNorm.weight        [768]       768           True
module.bert.bert.encoder.layer.10.attention.output.LayerNorm.bias          [768]       768           True
module.bert.bert.encoder.layer.10.output.dense.bias                        [768]       768           True
module.bert.bert.encoder.layer.10.output.LayerNorm.weight                  [768]       768           True
module.bert.bert.encoder.layer.10.output.LayerNorm.bias                    [768]       768           True
module.bert.bert.encoder.layer.11.attention.self.query.bias                [768]       768           True
module.bert.bert.encoder.layer.11.attention.self.key.bias                  [768]       768           True
module.bert.bert.encoder.layer.11.attention.self.value.bias                [768]       768           True
module.bert.bert.encoder.layer.11.attention.output.dense.bias              [768]       768           True
module.bert.bert.encoder.layer.11.attention.output.LayerNorm.weight        [768]       768           True
module.bert.bert.encoder.layer.11.attention.output.LayerNorm.bias          [768]       768           True
module.bert.bert.encoder.layer.11.output.dense.bias                        [768]       768           True
module.bert.bert.encoder.layer.11.output.LayerNorm.weight                  [768]       768           True
module.bert.bert.encoder.layer.11.output.LayerNorm.bias                    [768]       768           True
module.bert.bert.pooler.dense.bias                                         [768]       768           True
module.bert.cls.predictions.transform.dense.bias                           [768]       768           True
module.bert.cls.predictions.transform.LayerNorm.weight                     [768]       768           True
module.bert.cls.predictions.transform.LayerNorm.bias                       [768]       768           True
module.bert.cls.seq_relationship.bias                                        [2]         2           True 
 ----